[debug] [2020-03-23T02:00:26.595Z] ----------------------------------------------------------------------
[debug] [2020-03-23T02:00:26.596Z] Command:       /Users/dallin.parker/.nvm/versions/node/v11.11.0/bin/node /Users/dallin.parker/.nvm/versions/node/v11.11.0/bin/firebase deploy --only hosting
[debug] [2020-03-23T02:00:26.597Z] CLI Version:   7.15.1
[debug] [2020-03-23T02:00:26.597Z] Platform:      darwin
[debug] [2020-03-23T02:00:26.597Z] Node Version:  v11.11.0
[debug] [2020-03-23T02:00:26.597Z] Time:          Sun Mar 22 2020 22:00:26 GMT-0400 (Eastern Daylight Time)
[debug] [2020-03-23T02:00:26.597Z] ----------------------------------------------------------------------
[debug] [2020-03-23T02:00:26.597Z] 
[debug] [2020-03-23T02:00:26.606Z] > command requires scopes: ["email","openid","https://www.googleapis.com/auth/cloudplatformprojects.readonly","https://www.googleapis.com/auth/firebase","https://www.googleapis.com/auth/cloud-platform"]
[debug] [2020-03-23T02:00:26.606Z] > authorizing via signed-in user
[debug] [2020-03-23T02:00:26.607Z] [iam] checking project babyshower-b195a for permissions ["firebase.projects.get","firebasehosting.sites.update"]
[debug] [2020-03-23T02:00:26.608Z] >>> HTTP REQUEST POST https://cloudresourcemanager.googleapis.com/v1/projects/babyshower-b195a:testIamPermissions  

[debug] [2020-03-23T02:00:27.298Z] <<< HTTP RESPONSE 200
[debug] [2020-03-23T02:00:27.301Z] >>> HTTP REQUEST GET https://firebase.googleapis.com/v1beta1/projects/babyshower-b195a  
 
[debug] [2020-03-23T02:00:27.605Z] <<< HTTP RESPONSE 200
[info] 
[info] === Deploying to 'babyshower-b195a'...
[info] 
[info] i  deploying hosting
[debug] [2020-03-23T02:00:28.453Z] >>> HTTP REQUEST POST https://firebasehosting.googleapis.com/v1beta1/sites/babyshower-b195a/versions  

[debug] [2020-03-23T02:00:38.761Z] <<< HTTP RESPONSE 503
[debug] [2020-03-23T02:00:38.761Z] <<< HTTP RESPONSE BODY
[error] 
[error] Error: HTTP Error: 503, The service is currently unavailable.
[debug] [2020-03-23T02:00:38.764Z] Error Context: {
  "body": {
    "error": {
      "code": 503,
      "message": "The service is currently unavailable.",
      "status": "UNAVAILABLE"
    }
  },
  "response": {
    "statusCode": 503,
    "body": {
      "error": {
        "code": 503,
        "message": "The service is currently unavailable.",
        "status": "UNAVAILABLE"
      }
    },
    "headers": {
      "vary": "X-Origin, Referer, Origin,Accept-Encoding",
      "content-type": "application/json; charset=UTF-8",
      "date": "Mon, 23 Mar 2020 02:00:38 GMT",
      "server": "ESF",
      "cache-control": "private",
      "x-xss-protection": "0",
      "x-frame-options": "SAMEORIGIN",
      "x-content-type-options": "nosniff",
      "alt-svc": "quic=\":443\"; ma=2592000; v=\"46,43\",h3-Q050=\":443\"; ma=2592000,h3-Q049=\":443\"; ma=2592000,h3-Q048=\":443\"; ma=2592000,h3-Q046=\":443\"; ma=2592000,h3-Q043=\":443\"; ma=2592000,h3-T050=\":443\"; ma=2592000",
      "accept-ranges": "none",
      "transfer-encoding": "chunked"
    },
    "request": {
      "uri": {
        "protocol": "https:",
        "slashes": true,
        "auth": null,
        "host": "firebasehosting.googleapis.com",
        "port": 443,
        "hostname": "firebasehosting.googleapis.com",
        "hash": null,
        "search": null,
        "query": null,
        "pathname": "/v1beta1/sites/babyshower-b195a/versions",
        "path": "/v1beta1/sites/babyshower-b195a/versions",
        "href": "https://firebasehosting.googleapis.com/v1beta1/sites/babyshower-b195a/versions"
      },
      "method": "POST"
    }
  }
}
